#
# A fatal error has been detected by the Java Runtime Environment:
#
#  EXCEPTION_ACCESS_VIOLATION (0xc0000005) at pc=0x0000000052be219a, pid=21748, tid=0x0000000000005700
#
# JRE version: Java(TM) SE Runtime Environment (8.0_231-b11) (build 1.8.0_231-b11)
# Java VM: Java HotSpot(TM) 64-Bit Server VM (25.231-b11 mixed mode windows-amd64 compressed oops)
# Problematic frame:
# V  [jvm.dll+0x13219a]
#
# Failed to write core dump. Minidumps are not enabled by default on client versions of Windows
#
# If you would like to submit a bug report, please visit:
#   http://bugreport.java.com/bugreport/crash.jsp
#

---------------  T H R E A D  ---------------

Current thread (0x000000001c619800):  VMThread [stack: 0x000000001e320000,0x000000001e420000] [id=22272]

siginfo: ExceptionCode=0xc0000005, reading address 0x0000000000000113

Registers:
RAX=0x0000000000000001, RBX=0x00000007c0086f28, RCX=0x000000000000001b, RDX=0x00000007c0088288
RSP=0x000000001e41f010, RBP=0x0000000000000000, RSI=0x000000001c06cad0, RDI=0x000000001c06c8e0
R8 =0x0000000000000002, R9 =0x000000001bc30058, R10=0x0000000000000000, R11=0xc6efbfffff4f8001
R12=0x0000000000000002, R13=0x000000001c06c8f8, R14=0x0000000000000001, R15=0x0000000000000001
RIP=0x0000000052be219a, EFLAGS=0x0000000000010202

Top of Stack: (sp=0x000000001e41f010)
0x000000001e41f010:   000000000000008f 000000000000008f
0x000000001e41f020:   0000000000000000 0000000052958d17
0x000000001e41f030:   000000001c06c8e0 0000000052bbc6e6
0x000000001e41f040:   0000000000000028 0000000000000000
0x000000001e41f050:   000000001c06cad0 0000000052ccfa0a
0x000000001e41f060:   0000000000000001 000000000000008f
0x000000001e41f070:   00000007c0087308 000000001e5a4470
0x000000001e41f080:   0000000000000000 000000001c619800
0x000000001e41f090:   000000001c619800 000000001c06c8e0
0x000000001e41f0a0:   000000000000008f 000000001c4a57d8
0x000000001e41f0b0:   00000007c0086f28 000000001c619800
0x000000001e41f0c0:   00000007c0088288 0000000000000000
0x000000001e41f0d0:   0000000000000000 0000000000000002
0x000000001e41f0e0:   00000007c0086f28 0000000052bbcbcb
0x000000001e41f0f0:   00000007c0086f28 0000000000000001
0x000000001e41f100:   0000000000000001 0000000000000001 

Instructions: (pc=0x0000000052be219a)
0x0000000052be217a:   24 58 48 83 c4 30 41 5c c3 cc cc cc cc cc cc cc
0x0000000052be218a:   cc cc cc cc cc cc 48 89 74 24 18 57 48 83 ec 20
0x0000000052be219a:   83 b9 f8 00 00 00 00 48 8b f1 7f 04 33 ff eb 0f
0x0000000052be21aa:   48 81 c1 00 01 00 00 e8 da e6 ff ff 48 8b f8 48 


Register to memory mapping:

RAX=0x0000000000000001 is an unknown value
RBX=0x00000007c0086f28 is pointing into metadata
RCX=0x000000000000001b is an unknown value
RDX=0x00000007c0088288 is pointing into metadata
RSP=0x000000001e41f010 is an unknown value
RBP=0x0000000000000000 is an unknown value
RSI={method} {0x000000001c06cad8} 'd' '(I)I' in 'Scanner/SelfNumber'
RDI=0x000000001c06c8e0 is pointing into metadata
R8 =0x0000000000000002 is an unknown value
R9 =0x000000001bc30058 is pointing into metadata
R10=0x0000000000000000 is an unknown value
R11=0xc6efbfffff4f8001 is an unknown value
R12=0x0000000000000002 is an unknown value
R13=0x000000001c06c8f8 is pointing into metadata
R14=0x0000000000000001 is an unknown value
R15=0x0000000000000001 is an unknown value


Stack: [0x000000001e320000,0x000000001e420000],  sp=0x000000001e41f010,  free space=1020k
Native frames: (J=compiled Java code, j=interpreted, Vv=VM code, C=native code)

VM_Operation (0x000000001ed1f910): RedefineClasses, mode: safepoint, requested by thread 0x000000001e5b2000, redefining class Scanner.SelfNumber



---------------  P R O C E S S  ---------------

Java Threads: ( => current thread )
  0x000000001e646800 JavaThread "Service Thread" daemon [_thread_blocked, id=11372, stack(0x000000001f320000,0x000000001f420000)]
  0x000000001e65f000 JavaThread "C1 CompilerThread3" daemon [_thread_blocked, id=2584, stack(0x000000001f220000,0x000000001f320000)]
  0x000000001e65c800 JavaThread "C2 CompilerThread2" daemon [_thread_blocked, id=14948, stack(0x000000001f120000,0x000000001f220000)]
  0x000000001e655800 JavaThread "C2 CompilerThread1" daemon [_thread_blocked, id=21588, stack(0x000000001f020000,0x000000001f120000)]
  0x000000001e653000 JavaThread "C2 CompilerThread0" daemon [_thread_blocked, id=19732, stack(0x000000001ef20000,0x000000001f020000)]
  0x000000001e5bf800 JavaThread "JDWP Command Reader" daemon [_thread_in_native, id=21004, stack(0x000000001ee20000,0x000000001ef20000)]
  0x000000001e5bc800 JavaThread "JDWP Event Helper Thread" daemon [_thread_blocked, id=16996, stack(0x000000001ed20000,0x000000001ee20000)]
  0x000000001e5b2000 JavaThread "JDWP Transport Listener: dt_socket" daemon [_thread_blocked, id=3920, stack(0x000000001ec20000,0x000000001ed20000)]
  0x000000001e5a9000 JavaThread "Attach Listener" daemon [_thread_blocked, id=11272, stack(0x000000001eb20000,0x000000001ec20000)]
  0x000000001e5a7800 JavaThread "Signal Dispatcher" daemon [_thread_blocked, id=2512, stack(0x000000001ea20000,0x000000001eb20000)]
  0x000000001e540800 JavaThread "Finalizer" daemon [_thread_blocked, id=11296, stack(0x000000001e920000,0x000000001ea20000)]
  0x0000000002cba000 JavaThread "Reference Handler" daemon [_thread_blocked, id=19788, stack(0x000000001e420000,0x000000001e520000)]
  0x0000000002bc2800 JavaThread "main" [_thread_blocked, id=20380, stack(0x0000000002820000,0x0000000002920000)]

Other Threads:
=>0x000000001c619800 VMThread [stack: 0x000000001e320000,0x000000001e420000] [id=22272]
  0x000000001e7f9800 WatcherThread [stack: 0x000000001f420000,0x000000001f520000] [id=22016]

VM state:at safepoint (normal execution)

VM Mutex/Monitor currently owned by a thread:  ([mutex/lock_event])
[0x00000000029ee3b0] Threads_lock - owner thread: 0x000000001c619800

heap address: 0x00000006c3000000, size: 4048 MB, Compressed Oops mode: Zero based, Oop shift amount: 3
Narrow klass base: 0x0000000000000000, Narrow klass shift: 3
Compressed class space size: 1073741824 Address: 0x00000007c0000000

Heap:
 PSYoungGen      total 75776K, used 7813K [0x000000076bb00000, 0x0000000770f80000, 0x00000007c0000000)
  eden space 65024K, 12% used [0x000000076bb00000,0x000000076c2a1718,0x000000076fa80000)
  from space 10752K, 0% used [0x0000000770500000,0x0000000770500000,0x0000000770f80000)
  to   space 10752K, 0% used [0x000000076fa80000,0x000000076fa80000,0x0000000770500000)
 ParOldGen       total 173568K, used 0K [0x00000006c3000000, 0x00000006cd980000, 0x000000076bb00000)
  object space 173568K, 0% used [0x00000006c3000000,0x00000006c3000000,0x00000006cd980000)
 Metaspace       used 4891K, capacity 4994K, committed 5248K, reserved 1056768K
  class space    used 528K, capacity 561K, committed 640K, reserved 1048576K

Card table byte_map: [0x0000000012080000,0x0000000012870000] byte_map_base: 0x000000000ea68000

Marking Bits: (ParMarkBitMap*) 0x00000000532d6d90
 Begin Bits: [0x00000000135c0000, 0x0000000017500000)
 End Bits:   [0x0000000017500000, 0x000000001b440000)

Polling page: 0x0000000000840000

CodeCache: size=245760Kb used=1362Kb max_used=1373Kb free=244397Kb
 bounds [0x0000000002cc0000, 0x0000000002f30000, 0x0000000011cc0000]
 total_blobs=414 nmethods=124 adapters=211
 compilation: enabled

Compilation events (10 events):
Event: 314.908 Thread 0x000000001e65f000  120       3       org.eclipse.jdt.launching.internal.org.objectweb.asm.SymbolTable::put (150 bytes)
Event: 314.909 Thread 0x000000001e65f000 nmethod 120 0x0000000002e12850 code [0x0000000002e12a00, 0x0000000002e13170]
Event: 337.419 Thread 0x000000001e65f000  121       3       org.eclipse.jdt.launching.internal.org.objectweb.asm.ByteVector::putUTF8 (144 bytes)
Event: 337.420 Thread 0x000000001e65f000 nmethod 121 0x0000000002e11850 code [0x0000000002e11a40, 0x0000000002e122f8]
Event: 337.420 Thread 0x000000001e65f000  122       3       org.eclipse.jdt.launching.internal.org.objectweb.asm.ClassReader::readUtf (161 bytes)
Event: 337.421 Thread 0x000000001e65f000 nmethod 122 0x0000000002e10d90 code [0x0000000002e10f20, 0x0000000002e113e8]
Event: 360.012 Thread 0x000000001e65f000  123       3       org.eclipse.jdt.launching.internal.org.objectweb.asm.ClassReader::createDebugLabel (23 bytes)
Event: 360.012 Thread 0x000000001e65c800  124       4       org.eclipse.jdt.launching.internal.org.objectweb.asm.ClassReader::readUnsignedShort (26 bytes)
Event: 360.012 Thread 0x000000001e65f000 nmethod 123 0x0000000002e14010 code [0x0000000002e141a0, 0x0000000002e14690]
Event: 360.013 Thread 0x000000001e65c800 nmethod 124 0x0000000002e176d0 code [0x0000000002e17820, 0x0000000002e17938]

GC Heap History (0 events):
No events

Deoptimization events (0 events):
No events

Classes redefined (9 events):
Event: 38.115 Thread 0x000000001c619800 redefined class name=Scanner.SelfNumber, count=1
Event: 155.567 Thread 0x000000001c619800 redefined class name=Scanner.SelfNumber, count=2
Event: 167.643 Thread 0x000000001c619800 redefined class name=Scanner.SelfNumber, count=3
Event: 172.151 Thread 0x000000001c619800 redefined class name=Scanner.SelfNumber, count=4
Event: 205.073 Thread 0x000000001c619800 redefined class name=Scanner.SelfNumber, count=5
Event: 301.290 Thread 0x000000001c619800 redefined class name=Scanner.SelfNumber, count=6
Event: 314.908 Thread 0x000000001c619800 redefined class name=Scanner.SelfNumber, count=7
Event: 337.420 Thread 0x000000001c619800 redefined class name=Scanner.SelfNumber, count=8
Event: 360.013 Thread 0x000000001c619800 redefined class name=Scanner.SelfNumber, count=9

Internal exceptions (2 events):
Event: 0.041 Thread 0x0000000002bc2800 Exception <a 'java/lang/NoSuchMethodError': Method sun.misc.Unsafe.defineClass(Ljava/lang/String;[BII)Ljava/lang/Class; name or signature does not match> (0x000000076bb07cb8) thrown at [C:\re\workspace\8-2-build-windows-amd64-cygwin\jdk8u231\13620\hotspot
Event: 0.042 Thread 0x0000000002bc2800 Exception <a 'java/lang/NoSuchMethodError': Method sun.misc.Unsafe.prefetchRead(Ljava/lang/Object;J)V name or signature does not match> (0x000000076bb07fa0) thrown at [C:\re\workspace\8-2-build-windows-amd64-cygwin\jdk8u231\13620\hotspot\src\share\vm\prim

Events (10 events):
Event: 361.540 Executing VM operation: GetCurrentContendedMonitor done
Event: 361.546 Executing VM operation: GetOwnedMonitorInfo
Event: 361.546 Executing VM operation: GetOwnedMonitorInfo done
Event: 361.546 Executing VM operation: GetCurrentContendedMonitor
Event: 361.547 Executing VM operation: GetCurrentContendedMonitor done
Event: 361.927 Executing VM operation: GetCurrentContendedMonitor
Event: 361.927 Executing VM operation: GetCurrentContendedMonitor done
Event: 361.927 Executing VM operation: GetOwnedMonitorInfo
Event: 361.927 Executing VM operation: GetOwnedMonitorInfo done
Event: 428.470 Executing VM operation: RedefineClasses


Dynamic libraries:
0x00007ff71d7f0000 - 0x00007ff71d827000 	C:\Program Files\Java\jre1.8.0_231\bin\javaw.exe
0x00007ff979bd0000 - 0x00007ff979dc5000 	C:\WINDOWS\SYSTEM32\ntdll.dll
0x00007ff979060000 - 0x00007ff97911e000 	C:\WINDOWS\System32\KERNEL32.DLL
0x00007ff977710000 - 0x00007ff9779d8000 	C:\WINDOWS\System32\KERNELBASE.dll
0x00007ff978f50000 - 0x00007ff978ffc000 	C:\WINDOWS\System32\ADVAPI32.dll
0x00007ff977c20000 - 0x00007ff977cbe000 	C:\WINDOWS\System32\msvcrt.dll
0x00007ff978d80000 - 0x00007ff978e1b000 	C:\WINDOWS\System32\sechost.dll
0x00007ff977e30000 - 0x00007ff977f5a000 	C:\WINDOWS\System32\RPCRT4.dll
0x00007ff978040000 - 0x00007ff9781e1000 	C:\WINDOWS\System32\USER32.dll
0x00007ff9772e0000 - 0x00007ff977302000 	C:\WINDOWS\System32\win32u.dll
0x00007ff978cf0000 - 0x00007ff978d1b000 	C:\WINDOWS\System32\GDI32.dll
0x00007ff977410000 - 0x00007ff97751d000 	C:\WINDOWS\System32\gdi32full.dll
0x00007ff977b70000 - 0x00007ff977c0d000 	C:\WINDOWS\System32\msvcp_win.dll
0x00007ff977310000 - 0x00007ff977410000 	C:\WINDOWS\System32\ucrtbase.dll
0x00007ff9630d0000 - 0x00007ff96336a000 	C:\WINDOWS\WinSxS\amd64_microsoft.windows.common-controls_6595b64144ccf1df_6.0.19041.1110_none_60b5254171f9507e\COMCTL32.dll
0x00007ff978c10000 - 0x00007ff978c40000 	C:\WINDOWS\System32\IMM32.DLL
0x00000000528f0000 - 0x00000000529c2000 	C:\Program Files\Java\jre1.8.0_231\bin\msvcr100.dll
0x0000000052ab0000 - 0x0000000053356000 	C:\Program Files\Java\jre1.8.0_231\bin\server\jvm.dll
0x00007ff978030000 - 0x00007ff978038000 	C:\WINDOWS\System32\PSAPI.DLL
0x00007ff96d270000 - 0x00007ff96d27a000 	C:\WINDOWS\SYSTEM32\VERSION.dll
0x00007ff9709c0000 - 0x00007ff9709c9000 	C:\WINDOWS\SYSTEM32\WSOCK32.dll
0x00007ff95ca30000 - 0x00007ff95ca57000 	C:\WINDOWS\SYSTEM32\WINMM.dll
0x00007ff978320000 - 0x00007ff97838b000 	C:\WINDOWS\System32\WS2_32.dll
0x00007ff970970000 - 0x00007ff97097f000 	C:\Program Files\Java\jre1.8.0_231\bin\verify.dll
0x00007ff9523a0000 - 0x00007ff9523c9000 	C:\Program Files\Java\jre1.8.0_231\bin\java.dll
0x00007ff958300000 - 0x00007ff958335000 	C:\Program Files\Java\jre1.8.0_231\bin\jdwp.dll
0x00007ff96e6f0000 - 0x00007ff96e6f8000 	C:\Program Files\Java\jre1.8.0_231\bin\npt.dll
0x00007ff94ca80000 - 0x00007ff94caa3000 	C:\Program Files\Java\jre1.8.0_231\bin\instrument.dll
0x00007ff970900000 - 0x00007ff970916000 	C:\Program Files\Java\jre1.8.0_231\bin\zip.dll
0x00007ff9784c0000 - 0x00007ff978c04000 	C:\WINDOWS\System32\SHELL32.dll
0x00007ff971fc0000 - 0x00007ff972754000 	C:\WINDOWS\SYSTEM32\windows.storage.dll
0x00007ff9793b0000 - 0x00007ff979705000 	C:\WINDOWS\System32\combase.dll
0x00007ff976d30000 - 0x00007ff976d5e000 	C:\WINDOWS\SYSTEM32\Wldp.dll
0x00007ff978c40000 - 0x00007ff978ced000 	C:\WINDOWS\System32\SHCORE.dll
0x00007ff978390000 - 0x00007ff9783e5000 	C:\WINDOWS\System32\shlwapi.dll
0x00007ff977220000 - 0x00007ff97723f000 	C:\WINDOWS\SYSTEM32\profapi.dll
0x00007ff96df90000 - 0x00007ff96df99000 	C:\Program Files\Java\jre1.8.0_231\bin\dt_socket.dll
0x00007ff957e00000 - 0x00007ff957e17000 	C:\WINDOWS\system32\napinsp.dll
0x00007ff957de0000 - 0x00007ff957dfb000 	C:\WINDOWS\system32\pnrpnsp.dll
0x00007ff957dc0000 - 0x00007ff957dd5000 	C:\WINDOWS\system32\wshbth.dll
0x00007ff9708d0000 - 0x00007ff9708ed000 	C:\WINDOWS\system32\NLAapi.dll
0x00007ff976730000 - 0x00007ff97676b000 	C:\WINDOWS\SYSTEM32\IPHLPAPI.DLL
0x00007ff976a90000 - 0x00007ff976afa000 	C:\WINDOWS\System32\mswsock.dll
0x00007ff976770000 - 0x00007ff97683b000 	C:\WINDOWS\SYSTEM32\DNSAPI.dll
0x00007ff977c10000 - 0x00007ff977c18000 	C:\WINDOWS\System32\NSI.dll
0x00007ff957da0000 - 0x00007ff957db2000 	C:\WINDOWS\System32\winrnr.dll
0x00007ff96bc30000 - 0x00007ff96bcaf000 	C:\WINDOWS\System32\fwpuclnt.dll
0x00007ff9779e0000 - 0x00007ff977a07000 	C:\WINDOWS\System32\bcrypt.dll
0x00007ff96bf00000 - 0x00007ff96bf0a000 	C:\Windows\System32\rasadhlp.dll
0x00007ff972830000 - 0x00007ff972a14000 	C:\WINDOWS\SYSTEM32\dbghelp.dll
0x00007ff977680000 - 0x00007ff977702000 	C:\WINDOWS\System32\bcryptPrimitives.dll

VM Arguments:
jvm_args: -agentlib:jdwp=transport=dt_socket,suspend=y,address=localhost:64246 -javaagent:C:\megaProject\workspase\eclipse\configuration\org.eclipse.osgi\412\0\.cp\lib\javaagent-shaded.jar -Dfile.encoding=MS949 
java_command: Scanner.SelfNumber
java_class_path (initial): C:\project\Java-Algorithm-Practice\Java-Algorithm-Practice\build\classes;C:\megaProject\workspase\eclipse\configuration\org.eclipse.osgi\412\0\.cp\lib\javaagent-shaded.jar
Launcher Type: SUN_STANDARD

Environment Variables:
JAVA_HOME=C:\Program Files\Java\jdk1.8.0_231
CLASSPATH=C:\Program Files\Java\jdk1.8.0_231\lib;.
PATH=C:/Program Files/Java/jre1.8.0_231/bin/server;C:/Program Files/Java/jre1.8.0_231/bin;C:/Program Files/Java/jre1.8.0_231/lib/amd64;C:\Program Files (x86)\Common Files\Oracle\Java\javapath;C:\windows\system32;C:\windows;C:\windows\System32\Wbem;C:\windows\System32\WindowsPowerShell\v1.0\;C:\windows\System32\OpenSSH\;C:\Program Files (x86)\NVIDIA Corporation\PhysX\Common;C:\Program Files\NVIDIA Corporation\NVIDIA NvDLISR;C:\Program Files\nodejs\;C:\Program Files\MongoDB\Server\4.2\bin;C:\Program Files\Java\jdk1.8.0_231\bin;C:\Program Files\Git\cmd;C:\WINDOWS\system32;C:\WINDOWS;C:\WINDOWS\System32\Wbem;C:\WINDOWS\System32\WindowsPowerShell\v1.0\;C:\WINDOWS\System32\OpenSSH\;C:\Program Files\MySQL\MySQL Shell 8.0\bin\;C:\Users\tjsk0\AppData\Local\Microsoft\WindowsApps;C:\Users\tjsk0\AppData\Local\Programs\Microsoft VS Code\bin;C:\Users\tjsk0\AppData\Local\GitHubDesktop\bin;C:\Users\tjsk0\AppData\Roaming\npm;C:\Users\tjsk0\AppData\Local\Microsoft\WindowsApps;;C:\Program Files\JetBrains\IntelliJ IDEA 2021.1\bin;;C:\Users\tjsk0\OneDrive\바탕 화면;
USERNAME=tjsk0
OS=Windows_NT
PROCESSOR_IDENTIFIER=Intel64 Family 6 Model 142 Stepping 12, GenuineIntel



---------------  S Y S T E M  ---------------

OS: Windows 10.0 , 64 bit Build 19041 (10.0.19041.1348)

CPU:total 8 (initial active 8) (4 cores per cpu, 2 threads per core) family 6 model 142 stepping 12, cmov, cx8, fxsr, mmx, sse, sse2, sse3, ssse3, sse4.1, sse4.2, popcnt, avx, avx2, aes, clmul, erms, 3dnowpref, lzcnt, ht, tsc, tscinvbit, bmi1, bmi2, adx

Memory: 4k page, physical 16574316k(8483080k free), swap 33148632k(11811412k free)

vm_info: Java HotSpot(TM) 64-Bit Server VM (25.231-b11) for windows-amd64 JRE (1.8.0_231-b11), built on Oct  5 2019 03:11:30 by "java_re" with MS VC++ 10.0 (VS2010)

time: Mon Dec 20 13:50:32 2021
timezone: 대한민국 표준시
elapsed time: 428 seconds (0d 0h 7m 8s)

