#
# A fatal error has been detected by the Java Runtime Environment:
#
#  EXCEPTION_ACCESS_VIOLATION (0xc0000005) at pc=0x0000000052be219a, pid=5412, tid=0x000000000000233c
#
# JRE version: Java(TM) SE Runtime Environment (8.0_231-b11) (build 1.8.0_231-b11)
# Java VM: Java HotSpot(TM) 64-Bit Server VM (25.231-b11 mixed mode windows-amd64 compressed oops)
# Problematic frame:
# V  [jvm.dll+0x13219a]
#
# Failed to write core dump. Minidumps are not enabled by default on client versions of Windows
#
# If you would like to submit a bug report, please visit:
#   http://bugreport.java.com/bugreport/crash.jsp
#

---------------  T H R E A D  ---------------

Current thread (0x000000001c639800):  VMThread [stack: 0x000000001e320000,0x000000001e420000] [id=9020]

siginfo: ExceptionCode=0xc0000005, reading address 0x0000000000001af8

Registers:
RAX=0x0000000000000001, RBX=0x00000007c0086f28, RCX=0x0000000000001a00, RDX=0x00000007c00893f8
RSP=0x000000001e41f530, RBP=0x0000000000000000, RSI=0x000000001c08cca8, RDI=0x000000001c08c900
R8 =0x0000000000000002, R9 =0x000000001bc50058, R10=0x0000000000000000, R11=0xfff0000000001e7f
R12=0x0000000000000002, R13=0x000000001c08c918, R14=0x0000000000000001, R15=0x0000000000000001
RIP=0x0000000052be219a, EFLAGS=0x0000000000010206

Top of Stack: (sp=0x000000001e41f530)
0x000000001e41f530:   000000000000008f 000000000000008f
0x000000001e41f540:   0000000000000000 0000000052958d17
0x000000001e41f550:   000000001c08c900 0000000052bbc6e6
0x000000001e41f560:   0000000000000028 0000000000000000
0x000000001e41f570:   000000001c08cca8 0000000052ccfa0a
0x000000001e41f580:   0000000000000001 000000000000008f
0x000000001e41f590:   00000007c0087308 000000001e545900
0x000000001e41f5a0:   0000000000000000 000000001c639800
0x000000001e41f5b0:   000000001c639800 000000001c08c900
0x000000001e41f5c0:   000000000000008f 000000001f5e0ff8
0x000000001e41f5d0:   00000007c0086f28 000000001c639800
0x000000001e41f5e0:   00000007c00893f8 0000000000000000
0x000000001e41f5f0:   0000000000000000 0000000000000002
0x000000001e41f600:   00000007c0086f28 0000000052bbcbcb
0x000000001e41f610:   00000007c0086f28 0000000000000001
0x000000001e41f620:   0000000000000001 0000000000000001 

Instructions: (pc=0x0000000052be219a)
0x0000000052be217a:   24 58 48 83 c4 30 41 5c c3 cc cc cc cc cc cc cc
0x0000000052be218a:   cc cc cc cc cc cc 48 89 74 24 18 57 48 83 ec 20
0x0000000052be219a:   83 b9 f8 00 00 00 00 48 8b f1 7f 04 33 ff eb 0f
0x0000000052be21aa:   48 81 c1 00 01 00 00 e8 da e6 ff ff 48 8b f8 48 


Register to memory mapping:

RAX=0x0000000000000001 is an unknown value
RBX=0x00000007c0086f28 is pointing into metadata
RCX=0x0000000000001a00 is an unknown value
RDX=0x00000007c00893f8 is pointing into metadata
RSP=0x000000001e41f530 is an unknown value
RBP=0x0000000000000000 is an unknown value
RSI={method} {0x000000001c08ccb0} 'd' '(I)I' in 'Scanner/SelfNumber'
RDI=0x000000001c08c900 is pointing into metadata
R8 =0x0000000000000002 is an unknown value
R9 =0x000000001bc50058 is pointing into metadata
R10=0x0000000000000000 is an unknown value
R11=0xfff0000000001e7f is an unknown value
R12=0x0000000000000002 is an unknown value
R13=0x000000001c08c918 is pointing into metadata
R14=0x0000000000000001 is an unknown value
R15=0x0000000000000001 is an unknown value


Stack: [0x000000001e320000,0x000000001e420000],  sp=0x000000001e41f530,  free space=1021k
Native frames: (J=compiled Java code, j=interpreted, Vv=VM code, C=native code)

VM_Operation (0x000000001ed1f4a0): RedefineClasses, mode: safepoint, requested by thread 0x000000001e5b0800, redefining class Scanner.SelfNumber



---------------  P R O C E S S  ---------------

Java Threads: ( => current thread )
  0x000000001e646800 JavaThread "Service Thread" daemon [_thread_blocked, id=13280, stack(0x000000001f320000,0x000000001f420000)]
  0x000000001e65b800 JavaThread "C1 CompilerThread3" daemon [_thread_blocked, id=5256, stack(0x000000001f220000,0x000000001f320000)]
  0x000000001e658800 JavaThread "C2 CompilerThread2" daemon [_thread_blocked, id=18036, stack(0x000000001f120000,0x000000001f220000)]
  0x000000001e656000 JavaThread "C2 CompilerThread1" daemon [_thread_blocked, id=23248, stack(0x000000001f020000,0x000000001f120000)]
  0x000000001e653000 JavaThread "C2 CompilerThread0" daemon [_thread_blocked, id=20896, stack(0x000000001ef20000,0x000000001f020000)]
  0x000000001e5c0000 JavaThread "JDWP Command Reader" daemon [_thread_in_native, id=4816, stack(0x000000001ee20000,0x000000001ef20000)]
  0x000000001e5bd000 JavaThread "JDWP Event Helper Thread" daemon [_thread_blocked, id=15052, stack(0x000000001ed20000,0x000000001ee20000)]
  0x000000001e5b0800 JavaThread "JDWP Transport Listener: dt_socket" daemon [_thread_blocked, id=9892, stack(0x000000001ec20000,0x000000001ed20000)]
  0x000000001e5a7000 JavaThread "Attach Listener" daemon [_thread_blocked, id=20176, stack(0x000000001eb20000,0x000000001ec20000)]
  0x000000001e5a5800 JavaThread "Signal Dispatcher" daemon [_thread_blocked, id=4196, stack(0x000000001ea20000,0x000000001eb20000)]
  0x0000000002cd9800 JavaThread "Finalizer" daemon [_thread_blocked, id=23272, stack(0x000000001e920000,0x000000001ea20000)]
  0x0000000002cd8000 JavaThread "Reference Handler" daemon [_thread_blocked, id=22068, stack(0x000000001e420000,0x000000001e520000)]
  0x0000000002be2800 JavaThread "main" [_thread_blocked, id=2164, stack(0x0000000002890000,0x0000000002990000)]

Other Threads:
=>0x000000001c639800 VMThread [stack: 0x000000001e320000,0x000000001e420000] [id=9020]
  0x000000001e7ef000 WatcherThread [stack: 0x000000001f420000,0x000000001f520000] [id=23132]

VM state:at safepoint (normal execution)

VM Mutex/Monitor currently owned by a thread:  ([mutex/lock_event])
[0x0000000002a2ecb0] Threads_lock - owner thread: 0x000000001c639800

heap address: 0x00000006c3000000, size: 4048 MB, Compressed Oops mode: Zero based, Oop shift amount: 3
Narrow klass base: 0x0000000000000000, Narrow klass shift: 3
Compressed class space size: 1073741824 Address: 0x00000007c0000000

Heap:
 PSYoungGen      total 75776K, used 7812K [0x000000076bb00000, 0x0000000770f80000, 0x00000007c0000000)
  eden space 65024K, 12% used [0x000000076bb00000,0x000000076c2a13f0,0x000000076fa80000)
  from space 10752K, 0% used [0x0000000770500000,0x0000000770500000,0x0000000770f80000)
  to   space 10752K, 0% used [0x000000076fa80000,0x000000076fa80000,0x0000000770500000)
 ParOldGen       total 173568K, used 0K [0x00000006c3000000, 0x00000006cd980000, 0x000000076bb00000)
  object space 173568K, 0% used [0x00000006c3000000,0x00000006c3000000,0x00000006cd980000)
 Metaspace       used 4927K, capacity 4994K, committed 5248K, reserved 1056768K
  class space    used 532K, capacity 561K, committed 640K, reserved 1048576K

Card table byte_map: [0x00000000120a0000,0x0000000012890000] byte_map_base: 0x000000000ea88000

Marking Bits: (ParMarkBitMap*) 0x00000000532d6d90
 Begin Bits: [0x00000000135e0000, 0x0000000017520000)
 End Bits:   [0x0000000017520000, 0x000000001b460000)

Polling page: 0x0000000000d10000

CodeCache: size=245760Kb used=1385Kb max_used=1385Kb free=244374Kb
 bounds [0x0000000002ce0000, 0x0000000002f50000, 0x0000000011ce0000]
 total_blobs=428 nmethods=138 adapters=211
 compilation: enabled

Compilation events (10 events):
Event: 799.646 Thread 0x000000001e65b800  134       3       org.eclipse.jdt.launching.internal.org.objectweb.asm.Label::addLineNumber (89 bytes)
Event: 799.647 Thread 0x000000001e65b800 nmethod 134 0x0000000002e39450 code [0x0000000002e395e0, 0x0000000002e39a88]
Event: 799.647 Thread 0x000000001e65b800  135       3       org.eclipse.jdt.launching.internal.org.objectweb.asm.MethodWriter::visitLineNumber (50 bytes)
Event: 799.647 Thread 0x000000001e65b800 nmethod 135 0x0000000002e39c90 code [0x0000000002e39e20, 0x0000000002e3a278]
Event: 799.648 Thread 0x000000001e65b800  136       3       org.eclipse.jdt.launching.internal.org.objectweb.asm.ClassReader::readShort (27 bytes)
Event: 799.648 Thread 0x000000001e65b800 nmethod 136 0x0000000002e3a490 code [0x0000000002e3a5e0, 0x0000000002e3a790]
Event: 813.241 Thread 0x000000001e65b800  137       3       org.eclipse.jdt.launching.internal.org.objectweb.asm.MethodWriter::visitInsn (115 bytes)
Event: 813.242 Thread 0x000000001e65b800 nmethod 137 0x0000000002e3a890 code [0x0000000002e3aa40, 0x0000000002e3af28]
Event: 858.346 Thread 0x000000001e65b800  138       1       org.eclipse.jdt.launching.internal.org.objectweb.asm.SymbolTable::getMajorVersion (5 bytes)
Event: 858.346 Thread 0x000000001e65b800 nmethod 138 0x0000000002e3b110 code [0x0000000002e3b260, 0x0000000002e3b370]

GC Heap History (0 events):
No events

Deoptimization events (0 events):
No events

Classes redefined (10 events):
Event: 495.575 Thread 0x000000001c639800 redefined class name=Scanner.SelfNumber, count=9
Event: 536.447 Thread 0x000000001c639800 redefined class name=Scanner.SelfNumber, count=10
Event: 653.906 Thread 0x000000001c639800 redefined class name=Scanner.SelfNumber, count=11
Event: 665.977 Thread 0x000000001c639800 redefined class name=Scanner.SelfNumber, count=12
Event: 670.462 Thread 0x000000001c639800 redefined class name=Scanner.SelfNumber, count=13
Event: 703.396 Thread 0x000000001c639800 redefined class name=Scanner.SelfNumber, count=14
Event: 799.647 Thread 0x000000001c639800 redefined class name=Scanner.SelfNumber, count=15
Event: 813.242 Thread 0x000000001c639800 redefined class name=Scanner.SelfNumber, count=16
Event: 835.749 Thread 0x000000001c639800 redefined class name=Scanner.SelfNumber, count=17
Event: 858.347 Thread 0x000000001c639800 redefined class name=Scanner.SelfNumber, count=18

Internal exceptions (2 events):
Event: 0.041 Thread 0x0000000002be2800 Exception <a 'java/lang/NoSuchMethodError': Method sun.misc.Unsafe.defineClass(Ljava/lang/String;[BII)Ljava/lang/Class; name or signature does not match> (0x000000076bb07cb8) thrown at [C:\re\workspace\8-2-build-windows-amd64-cygwin\jdk8u231\13620\hotspot
Event: 0.041 Thread 0x0000000002be2800 Exception <a 'java/lang/NoSuchMethodError': Method sun.misc.Unsafe.prefetchRead(Ljava/lang/Object;J)V name or signature does not match> (0x000000076bb07fa0) thrown at [C:\re\workspace\8-2-build-windows-amd64-cygwin\jdk8u231\13620\hotspot\src\share\vm\prim

Events (10 events):
Event: 860.025 Executing VM operation: GetCurrentContendedMonitor done
Event: 860.034 Executing VM operation: GetOwnedMonitorInfo
Event: 860.034 Executing VM operation: GetOwnedMonitorInfo done
Event: 860.034 Executing VM operation: GetCurrentContendedMonitor
Event: 860.034 Executing VM operation: GetCurrentContendedMonitor done
Event: 860.342 Executing VM operation: GetCurrentContendedMonitor
Event: 860.342 Executing VM operation: GetCurrentContendedMonitor done
Event: 860.342 Executing VM operation: GetOwnedMonitorInfo
Event: 860.342 Executing VM operation: GetOwnedMonitorInfo done
Event: 926.739 Executing VM operation: RedefineClasses


Dynamic libraries:
0x00007ff71d7f0000 - 0x00007ff71d827000 	C:\Program Files\Java\jre1.8.0_231\bin\javaw.exe
0x00007ff979bd0000 - 0x00007ff979dc5000 	C:\WINDOWS\SYSTEM32\ntdll.dll
0x00007ff979060000 - 0x00007ff97911e000 	C:\WINDOWS\System32\KERNEL32.DLL
0x00007ff977710000 - 0x00007ff9779d8000 	C:\WINDOWS\System32\KERNELBASE.dll
0x00007ff978f50000 - 0x00007ff978ffc000 	C:\WINDOWS\System32\ADVAPI32.dll
0x00007ff977c20000 - 0x00007ff977cbe000 	C:\WINDOWS\System32\msvcrt.dll
0x00007ff978d80000 - 0x00007ff978e1b000 	C:\WINDOWS\System32\sechost.dll
0x00007ff977e30000 - 0x00007ff977f5a000 	C:\WINDOWS\System32\RPCRT4.dll
0x00007ff978040000 - 0x00007ff9781e1000 	C:\WINDOWS\System32\USER32.dll
0x00007ff9772e0000 - 0x00007ff977302000 	C:\WINDOWS\System32\win32u.dll
0x00007ff978cf0000 - 0x00007ff978d1b000 	C:\WINDOWS\System32\GDI32.dll
0x00007ff977410000 - 0x00007ff97751d000 	C:\WINDOWS\System32\gdi32full.dll
0x00007ff977b70000 - 0x00007ff977c0d000 	C:\WINDOWS\System32\msvcp_win.dll
0x00007ff977310000 - 0x00007ff977410000 	C:\WINDOWS\System32\ucrtbase.dll
0x00007ff9630d0000 - 0x00007ff96336a000 	C:\WINDOWS\WinSxS\amd64_microsoft.windows.common-controls_6595b64144ccf1df_6.0.19041.1110_none_60b5254171f9507e\COMCTL32.dll
0x00007ff978c10000 - 0x00007ff978c40000 	C:\WINDOWS\System32\IMM32.DLL
0x00000000528f0000 - 0x00000000529c2000 	C:\Program Files\Java\jre1.8.0_231\bin\msvcr100.dll
0x0000000052ab0000 - 0x0000000053356000 	C:\Program Files\Java\jre1.8.0_231\bin\server\jvm.dll
0x00007ff978030000 - 0x00007ff978038000 	C:\WINDOWS\System32\PSAPI.DLL
0x00007ff96d270000 - 0x00007ff96d27a000 	C:\WINDOWS\SYSTEM32\VERSION.dll
0x00007ff9709c0000 - 0x00007ff9709c9000 	C:\WINDOWS\SYSTEM32\WSOCK32.dll
0x00007ff95ca30000 - 0x00007ff95ca57000 	C:\WINDOWS\SYSTEM32\WINMM.dll
0x00007ff978320000 - 0x00007ff97838b000 	C:\WINDOWS\System32\WS2_32.dll
0x00007ff970970000 - 0x00007ff97097f000 	C:\Program Files\Java\jre1.8.0_231\bin\verify.dll
0x00007ff9523a0000 - 0x00007ff9523c9000 	C:\Program Files\Java\jre1.8.0_231\bin\java.dll
0x00007ff958300000 - 0x00007ff958335000 	C:\Program Files\Java\jre1.8.0_231\bin\jdwp.dll
0x00007ff96e6f0000 - 0x00007ff96e6f8000 	C:\Program Files\Java\jre1.8.0_231\bin\npt.dll
0x00007ff94ca80000 - 0x00007ff94caa3000 	C:\Program Files\Java\jre1.8.0_231\bin\instrument.dll
0x00007ff970900000 - 0x00007ff970916000 	C:\Program Files\Java\jre1.8.0_231\bin\zip.dll
0x00007ff9784c0000 - 0x00007ff978c04000 	C:\WINDOWS\System32\SHELL32.dll
0x00007ff971fc0000 - 0x00007ff972754000 	C:\WINDOWS\SYSTEM32\windows.storage.dll
0x00007ff9793b0000 - 0x00007ff979705000 	C:\WINDOWS\System32\combase.dll
0x00007ff976d30000 - 0x00007ff976d5e000 	C:\WINDOWS\SYSTEM32\Wldp.dll
0x00007ff978c40000 - 0x00007ff978ced000 	C:\WINDOWS\System32\SHCORE.dll
0x00007ff978390000 - 0x00007ff9783e5000 	C:\WINDOWS\System32\shlwapi.dll
0x00007ff977220000 - 0x00007ff97723f000 	C:\WINDOWS\SYSTEM32\profapi.dll
0x00007ff96df90000 - 0x00007ff96df99000 	C:\Program Files\Java\jre1.8.0_231\bin\dt_socket.dll
0x00007ff957e00000 - 0x00007ff957e17000 	C:\WINDOWS\system32\napinsp.dll
0x00007ff957de0000 - 0x00007ff957dfb000 	C:\WINDOWS\system32\pnrpnsp.dll
0x00007ff957dc0000 - 0x00007ff957dd5000 	C:\WINDOWS\system32\wshbth.dll
0x00007ff9708d0000 - 0x00007ff9708ed000 	C:\WINDOWS\system32\NLAapi.dll
0x00007ff976730000 - 0x00007ff97676b000 	C:\WINDOWS\SYSTEM32\IPHLPAPI.DLL
0x00007ff976a90000 - 0x00007ff976afa000 	C:\WINDOWS\System32\mswsock.dll
0x00007ff976770000 - 0x00007ff97683b000 	C:\WINDOWS\SYSTEM32\DNSAPI.dll
0x00007ff977c10000 - 0x00007ff977c18000 	C:\WINDOWS\System32\NSI.dll
0x00007ff957da0000 - 0x00007ff957db2000 	C:\WINDOWS\System32\winrnr.dll
0x00007ff96bc30000 - 0x00007ff96bcaf000 	C:\WINDOWS\System32\fwpuclnt.dll
0x00007ff9779e0000 - 0x00007ff977a07000 	C:\WINDOWS\System32\bcrypt.dll
0x00007ff96bf00000 - 0x00007ff96bf0a000 	C:\Windows\System32\rasadhlp.dll
0x00007ff972830000 - 0x00007ff972a14000 	C:\WINDOWS\SYSTEM32\dbghelp.dll
0x00007ff977680000 - 0x00007ff977702000 	C:\WINDOWS\System32\bcryptPrimitives.dll

VM Arguments:
jvm_args: -agentlib:jdwp=transport=dt_socket,suspend=y,address=localhost:64207 -javaagent:C:\megaProject\workspase\eclipse\configuration\org.eclipse.osgi\412\0\.cp\lib\javaagent-shaded.jar -Dfile.encoding=MS949 
java_command: Scanner.SelfNumber
java_class_path (initial): C:\project\Java-Algorithm-Practice\Java-Algorithm-Practice\build\classes;C:\megaProject\workspase\eclipse\configuration\org.eclipse.osgi\412\0\.cp\lib\javaagent-shaded.jar
Launcher Type: SUN_STANDARD

Environment Variables:
JAVA_HOME=C:\Program Files\Java\jdk1.8.0_231
CLASSPATH=C:\Program Files\Java\jdk1.8.0_231\lib;.
PATH=C:/Program Files/Java/jre1.8.0_231/bin/server;C:/Program Files/Java/jre1.8.0_231/bin;C:/Program Files/Java/jre1.8.0_231/lib/amd64;C:\Program Files (x86)\Common Files\Oracle\Java\javapath;C:\windows\system32;C:\windows;C:\windows\System32\Wbem;C:\windows\System32\WindowsPowerShell\v1.0\;C:\windows\System32\OpenSSH\;C:\Program Files (x86)\NVIDIA Corporation\PhysX\Common;C:\Program Files\NVIDIA Corporation\NVIDIA NvDLISR;C:\Program Files\nodejs\;C:\Program Files\MongoDB\Server\4.2\bin;C:\Program Files\Java\jdk1.8.0_231\bin;C:\Program Files\Git\cmd;C:\WINDOWS\system32;C:\WINDOWS;C:\WINDOWS\System32\Wbem;C:\WINDOWS\System32\WindowsPowerShell\v1.0\;C:\WINDOWS\System32\OpenSSH\;C:\Program Files\MySQL\MySQL Shell 8.0\bin\;C:\Users\tjsk0\AppData\Local\Microsoft\WindowsApps;C:\Users\tjsk0\AppData\Local\Programs\Microsoft VS Code\bin;C:\Users\tjsk0\AppData\Local\GitHubDesktop\bin;C:\Users\tjsk0\AppData\Roaming\npm;C:\Users\tjsk0\AppData\Local\Microsoft\WindowsApps;;C:\Program Files\JetBrains\IntelliJ IDEA 2021.1\bin;;C:\Users\tjsk0\OneDrive\바탕 화면;
USERNAME=tjsk0
OS=Windows_NT
PROCESSOR_IDENTIFIER=Intel64 Family 6 Model 142 Stepping 12, GenuineIntel



---------------  S Y S T E M  ---------------

OS: Windows 10.0 , 64 bit Build 19041 (10.0.19041.1348)

CPU:total 8 (initial active 8) (4 cores per cpu, 2 threads per core) family 6 model 142 stepping 12, cmov, cx8, fxsr, mmx, sse, sse2, sse3, ssse3, sse4.1, sse4.2, popcnt, avx, avx2, aes, clmul, erms, 3dnowpref, lzcnt, ht, tsc, tscinvbit, bmi1, bmi2, adx

Memory: 4k page, physical 16574316k(8448424k free), swap 33148632k(10924504k free)

vm_info: Java HotSpot(TM) 64-Bit Server VM (25.231-b11) for windows-amd64 JRE (1.8.0_231-b11), built on Oct  5 2019 03:11:30 by "java_re" with MS VC++ 10.0 (VS2010)

time: Mon Dec 20 13:50:32 2021
timezone: 대한민국 표준시
elapsed time: 926 seconds (0d 0h 15m 26s)

